<?xml version="1.0" encoding="UTF-8"?>
<testng-results skipped="0" failed="1" total="1" passed="0">
  <reporter-output>
    <line>
      <![CDATA[SignIn Action is successfully perfomred]]>
    </line>
    <line>
      <![CDATA[My open task click action performed ]]>
    </line>
    <line>
      <![CDATA[ search is clicked ]]>
    </line>
    <line>
      <![CDATA[link is clicked ]]>
    </line>
    <line>
      <![CDATA[frame switch from action]]>
    </line>
    <line>
      <![CDATA[next is clicked ]]>
    </line>
    <line>
      <![CDATA[next is clicked ]]>
    </line>
    <line>
      <![CDATA[next is clicked ]]>
    </line>
    <line>
      <![CDATA[submit button is clicked ]]>
    </line>
    <line>
      <![CDATA[pop-up is clicked ]]>
    </line>
    <line>
      <![CDATA[frame switch from action defaultContent]]>
    </line>
    <line>
      <![CDATA[refresh is clicked ]]>
    </line>
    <line>
      <![CDATA[link is clicked ]]>
    </line>
    <line>
      <![CDATA[frame switch from action]]>
    </line>
    <line>
      <![CDATA[next is clicked ]]>
    </line>
    <line>
      <![CDATA[next is clicked ]]>
    </line>
    <line>
      <![CDATA[next is clicked ]]>
    </line>
    <line>
      <![CDATA[approve is clicked ]]>
    </line>
    <line>
      <![CDATA[routine_chkbx is clicked ]]>
    </line>
    <line>
      <![CDATA[advance_chkbx is clicked ]]>
    </line>
    <line>
      <![CDATA[equi_drpdn is clicked ]]>
    </line>
    <line>
      <![CDATA[equi_drpdn is clicked ]]>
    </line>
    <line>
      <![CDATA[SampConsum_drp_dwn is clicked ]]>
    </line>
    <line>
      <![CDATA[SampConsum_drp_dwn_optn_select is clicked ]]>
    </line>
    <line>
      <![CDATA[submit button is clicked ]]>
    </line>
    <line>
      <![CDATA[pop-up is clicked ]]>
    </line>
    <line>
      <![CDATA[frame switch from action defaultContent]]>
    </line>
    <line>
      <![CDATA[refresh is clicked ]]>
    </line>
    <line>
      <![CDATA[link is clicked ]]>
    </line>
    <line>
      <![CDATA[frame switch from action]]>
    </line>
    <line>
      <![CDATA[approve is clicked ]]>
    </line>
    <line>
      <![CDATA[pop-up is clicked ]]>
    </line>
    <line>
      <![CDATA[frame switch from action defaultContent]]>
    </line>
    <line>
      <![CDATA[refresh is clicked ]]>
    </line>
    <line>
      <![CDATA[link is clicked ]]>
    </line>
    <line>
      <![CDATA[frame switch from action]]>
    </line>
    <line>
      <![CDATA[approve is clicked ]]>
    </line>
    <line>
      <![CDATA[pop-up is clicked ]]>
    </line>
    <line>
      <![CDATA[frame switch from action defaultContent]]>
    </line>
    <line>
      <![CDATA[refresh is clicked ]]>
    </line>
    <line>
      <![CDATA[link is clicked ]]>
    </line>
    <line>
      <![CDATA[frame switch from action]]>
    </line>
    <line>
      <![CDATA[Assigned_Scientist is clicked ]]>
    </line>
    <line>
      <![CDATA[Assigned_Scientist_option is clicked ]]>
    </line>
    <line>
      <![CDATA[submit button is clicked ]]>
    </line>
    <line>
      <![CDATA[pop-up is clicked ]]>
    </line>
    <line>
      <![CDATA[frame switch from action defaultContent]]>
    </line>
    <line>
      <![CDATA[refresh is clicked ]]>
    </line>
    <line>
      <![CDATA[link is clicked ]]>
    </line>
    <line>
      <![CDATA[frame switch from action]]>
    </line>
    <line>
      <![CDATA[browse button is clicked ]]>
    </line>
    <line>
      <![CDATA[ upload is clicked ]]>
    </line>
    <line>
      <![CDATA[pop-up is clicked ]]>
    </line>
    <line>
      <![CDATA[pop-up is clicked ]]>
    </line>
    <line>
      <![CDATA[submit button is clicked ]]>
    </line>
    <line>
      <![CDATA[pop-up is clicked ]]>
    </line>
    <line>
      <![CDATA[frame switch from action defaultContent]]>
    </line>
    <line>
      <![CDATA[refresh is clicked ]]>
    </line>
    <line>
      <![CDATA[link is clicked ]]>
    </line>
    <line>
      <![CDATA[frame switch from action]]>
    </line>
    <line>
      <![CDATA[accept_btn is clicked ]]>
    </line>
    <line>
      <![CDATA[averag is clicked ]]>
    </line>
    <line>
      <![CDATA[submit button is clicked ]]>
    </line>
    <line>
      <![CDATA[pop-up is clicked ]]>
    </line>
    <line>
      <![CDATA[frame switch from action defaultContent]]>
    </line>
    <line>
      <![CDATA[refresh is clicked ]]>
    </line>
    <line>
      <![CDATA[link is clicked ]]>
    </line>
    <line>
      <![CDATA[frame switch from action]]>
    </line>
    <line>
      <![CDATA[close rfs is clicked ]]>
    </line>
  </reporter-output>
  <suite name="Default suite" duration-ms="2123627" started-at="2017-01-10T05:19:55Z" finished-at="2017-01-10T05:55:19Z">
    <groups>
    </groups>
    <test name="Default test" duration-ms="2123627" started-at="2017-01-10T05:19:55Z" finished-at="2017-01-10T05:55:19Z">
      <class name="testCases.Framework_002">
        <test-method status="PASS" signature="beforeMethod()[pri:0, instance:testCases.Framework_002@5f341870]" name="beforeMethod" is-config="true" duration-ms="12338" started-at="2017-01-10T10:49:55Z" finished-at="2017-01-10T10:50:08Z">
          <reporter-output>
          </reporter-output>
        </test-method> <!-- beforeMethod -->
        <test-method status="FAIL" signature="main()[pri:0, instance:testCases.Framework_002@5f341870]" name="main" duration-ms="2111271" started-at="2017-01-10T10:50:08Z" finished-at="2017-01-10T11:25:19Z">
          <exception class="org.openqa.selenium.TimeoutException">
            <message>
              <![CDATA[Timed out after 500 seconds waiting for visibility of element located by By.xpath: //*[text()='OK']
Build info: version: '2.50.0', revision: '1070ace', time: '2016-01-27 18:40:08'
System info: host: 'Kunal-PC', ip: '10.152.27.16', os.name: 'Windows 7', os.arch: 'amd64', os.version: '6.1', java.version: '1.8.0_40'
Driver info: org.openqa.selenium.chrome.ChromeDriver
Capabilities [{applicationCacheEnabled=false, rotatable=false, mobileEmulationEnabled=false, networkConnectionEnabled=false, chrome={chromedriverVersion=2.24.417431 (9aea000394714d2fbb20850021f6204f2256b9cf), userDataDir=C:\Users\Kunal\AppData\Local\Temp\scoped_dir6224_29148}, takesHeapSnapshot=true, pageLoadStrategy=normal, databaseEnabled=false, handlesAlerts=true, hasTouchScreen=false, version=55.0.2883.87, platform=XP, browserConnectionEnabled=false, nativeEvents=true, acceptSslCerts=true, locationContextEnabled=true, webStorageEnabled=true, browserName=chrome, takesScreenshot=true, javascriptEnabled=true, cssSelectorsEnabled=true}]
Session ID: 358d818ae31fa13b40e6109ac4ed1427]]>
            </message>
            <full-stacktrace>
              <![CDATA[org.openqa.selenium.TimeoutException: Timed out after 500 seconds waiting for visibility of element located by By.xpath: //*[text()='OK']
Build info: version: '2.50.0', revision: '1070ace', time: '2016-01-27 18:40:08'
System info: host: 'Kunal-PC', ip: '10.152.27.16', os.name: 'Windows 7', os.arch: 'amd64', os.version: '6.1', java.version: '1.8.0_40'
Driver info: org.openqa.selenium.chrome.ChromeDriver
Capabilities [{applicationCacheEnabled=false, rotatable=false, mobileEmulationEnabled=false, networkConnectionEnabled=false, chrome={chromedriverVersion=2.24.417431 (9aea000394714d2fbb20850021f6204f2256b9cf), userDataDir=C:\Users\Kunal\AppData\Local\Temp\scoped_dir6224_29148}, takesHeapSnapshot=true, pageLoadStrategy=normal, databaseEnabled=false, handlesAlerts=true, hasTouchScreen=false, version=55.0.2883.87, platform=XP, browserConnectionEnabled=false, nativeEvents=true, acceptSslCerts=true, locationContextEnabled=true, webStorageEnabled=true, browserName=chrome, takesScreenshot=true, javascriptEnabled=true, cssSelectorsEnabled=true}]
Session ID: 358d818ae31fa13b40e6109ac4ed1427
	at org.openqa.selenium.support.ui.WebDriverWait.timeoutException(WebDriverWait.java:80)
	at org.openqa.selenium.support.ui.FluentWait.until(FluentWait.java:261)
	at pageObjects.My_Open_Task.pop_up2(My_Open_Task.java:3215)
	at appModules.MyOpenTask_Action.pop_up2(MyOpenTask_Action.java:137)
	at testCases.Framework_002.main(Framework_002.java:495)
	at sun.reflect.NativeMethodAccessorImpl.invoke0(Native Method)
	at sun.reflect.NativeMethodAccessorImpl.invoke(NativeMethodAccessorImpl.java:62)
	at sun.reflect.DelegatingMethodAccessorImpl.invoke(DelegatingMethodAccessorImpl.java:43)
	at java.lang.reflect.Method.invoke(Method.java:497)
	at org.testng.internal.MethodInvocationHelper.invokeMethod(MethodInvocationHelper.java:85)
	at org.testng.internal.Invoker.invokeMethod(Invoker.java:639)
	at org.testng.internal.Invoker.invokeTestMethod(Invoker.java:816)
	at org.testng.internal.Invoker.invokeTestMethods(Invoker.java:1124)
	at org.testng.internal.TestMethodWorker.invokeTestMethods(TestMethodWorker.java:125)
	at org.testng.internal.TestMethodWorker.run(TestMethodWorker.java:108)
	at org.testng.TestRunner.privateRun(TestRunner.java:774)
	at org.testng.TestRunner.run(TestRunner.java:624)
	at org.testng.SuiteRunner.runTest(SuiteRunner.java:359)
	at org.testng.SuiteRunner.runSequentially(SuiteRunner.java:354)
	at org.testng.SuiteRunner.privateRun(SuiteRunner.java:312)
	at org.testng.SuiteRunner.run(SuiteRunner.java:261)
	at org.testng.SuiteRunnerWorker.runSuite(SuiteRunnerWorker.java:52)
	at org.testng.SuiteRunnerWorker.run(SuiteRunnerWorker.java:86)
	at org.testng.TestNG.runSuitesSequentially(TestNG.java:1215)
	at org.testng.TestNG.runSuitesLocally(TestNG.java:1140)
	at org.testng.TestNG.run(TestNG.java:1048)
	at org.testng.remote.AbstractRemoteTestNG.run(AbstractRemoteTestNG.java:126)
	at org.testng.remote.RemoteTestNG.initAndRun(RemoteTestNG.java:152)
	at org.testng.remote.RemoteTestNG.main(RemoteTestNG.java:57)
Caused by: org.openqa.selenium.NoSuchElementException: no such element: Unable to locate element: {"method":"xpath","selector":"//*[text()='OK']"}
  (Session info: chrome=55.0.2883.87)
  (Driver info: chromedriver=2.24.417431 (9aea000394714d2fbb20850021f6204f2256b9cf),platform=Windows NT 6.1.7601 SP1 x86_64) (WARNING: The server did not provide any stacktrace information)
Command duration or timeout: 30.02 seconds
For documentation on this error, please visit: http://seleniumhq.org/exceptions/no_such_element.html
Build info: version: '2.50.0', revision: '1070ace', time: '2016-01-27 18:40:08'
System info: host: 'Kunal-PC', ip: '10.152.27.16', os.name: 'Windows 7', os.arch: 'amd64', os.version: '6.1', java.version: '1.8.0_40'
Driver info: org.openqa.selenium.chrome.ChromeDriver
Capabilities [{applicationCacheEnabled=false, rotatable=false, mobileEmulationEnabled=false, networkConnectionEnabled=false, chrome={chromedriverVersion=2.24.417431 (9aea000394714d2fbb20850021f6204f2256b9cf), userDataDir=C:\Users\Kunal\AppData\Local\Temp\scoped_dir6224_29148}, takesHeapSnapshot=true, pageLoadStrategy=normal, databaseEnabled=false, handlesAlerts=true, hasTouchScreen=false, version=55.0.2883.87, platform=XP, browserConnectionEnabled=false, nativeEvents=true, acceptSslCerts=true, locationContextEnabled=true, webStorageEnabled=true, browserName=chrome, takesScreenshot=true, javascriptEnabled=true, cssSelectorsEnabled=true}]
Session ID: 358d818ae31fa13b40e6109ac4ed1427
*** Element info: {Using=xpath, value=//*[text()='OK']}
	at sun.reflect.GeneratedConstructorAccessor27.newInstance(Unknown Source)
	at sun.reflect.DelegatingConstructorAccessorImpl.newInstance(DelegatingConstructorAccessorImpl.java:45)
	at java.lang.reflect.Constructor.newInstance(Constructor.java:422)
	at org.openqa.selenium.remote.ErrorHandler.createThrowable(ErrorHandler.java:206)
	at org.openqa.selenium.remote.ErrorHandler.throwIfResponseFailed(ErrorHandler.java:158)
	at org.openqa.selenium.remote.RemoteWebDriver.execute(RemoteWebDriver.java:678)
	at org.openqa.selenium.remote.RemoteWebDriver.findElement(RemoteWebDriver.java:363)
	at org.openqa.selenium.remote.RemoteWebDriver.findElementByXPath(RemoteWebDriver.java:500)
	at org.openqa.selenium.By$ByXPath.findElement(By.java:361)
	at org.openqa.selenium.remote.RemoteWebDriver.findElement(RemoteWebDriver.java:355)
	at org.openqa.selenium.support.ui.ExpectedConditions.findElement(ExpectedConditions.java:911)
	at org.openqa.selenium.support.ui.ExpectedConditions.access$0(ExpectedConditions.java:909)
	at org.openqa.selenium.support.ui.ExpectedConditions$7.apply(ExpectedConditions.java:205)
	at org.openqa.selenium.support.ui.ExpectedConditions$7.apply(ExpectedConditions.java:1)
	at org.openqa.selenium.support.ui.FluentWait.until(FluentWait.java:238)
	... 27 more
]]>
            </full-stacktrace>
          </exception> <!-- org.openqa.selenium.TimeoutException -->
          <reporter-output>
            <line>
              <![CDATA[SignIn Action is successfully perfomred]]>
            </line>
            <line>
              <![CDATA[My open task click action performed ]]>
            </line>
            <line>
              <![CDATA[ search is clicked ]]>
            </line>
            <line>
              <![CDATA[link is clicked ]]>
            </line>
            <line>
              <![CDATA[frame switch from action]]>
            </line>
            <line>
              <![CDATA[next is clicked ]]>
            </line>
            <line>
              <![CDATA[next is clicked ]]>
            </line>
            <line>
              <![CDATA[next is clicked ]]>
            </line>
            <line>
              <![CDATA[submit button is clicked ]]>
            </line>
            <line>
              <![CDATA[pop-up is clicked ]]>
            </line>
            <line>
              <![CDATA[frame switch from action defaultContent]]>
            </line>
            <line>
              <![CDATA[refresh is clicked ]]>
            </line>
            <line>
              <![CDATA[link is clicked ]]>
            </line>
            <line>
              <![CDATA[frame switch from action]]>
            </line>
            <line>
              <![CDATA[next is clicked ]]>
            </line>
            <line>
              <![CDATA[next is clicked ]]>
            </line>
            <line>
              <![CDATA[next is clicked ]]>
            </line>
            <line>
              <![CDATA[approve is clicked ]]>
            </line>
            <line>
              <![CDATA[routine_chkbx is clicked ]]>
            </line>
            <line>
              <![CDATA[advance_chkbx is clicked ]]>
            </line>
            <line>
              <![CDATA[equi_drpdn is clicked ]]>
            </line>
            <line>
              <![CDATA[equi_drpdn is clicked ]]>
            </line>
            <line>
              <![CDATA[SampConsum_drp_dwn is clicked ]]>
            </line>
            <line>
              <![CDATA[SampConsum_drp_dwn_optn_select is clicked ]]>
            </line>
            <line>
              <![CDATA[submit button is clicked ]]>
            </line>
            <line>
              <![CDATA[pop-up is clicked ]]>
            </line>
            <line>
              <![CDATA[frame switch from action defaultContent]]>
            </line>
            <line>
              <![CDATA[refresh is clicked ]]>
            </line>
            <line>
              <![CDATA[link is clicked ]]>
            </line>
            <line>
              <![CDATA[frame switch from action]]>
            </line>
            <line>
              <![CDATA[approve is clicked ]]>
            </line>
            <line>
              <![CDATA[pop-up is clicked ]]>
            </line>
            <line>
              <![CDATA[frame switch from action defaultContent]]>
            </line>
            <line>
              <![CDATA[refresh is clicked ]]>
            </line>
            <line>
              <![CDATA[link is clicked ]]>
            </line>
            <line>
              <![CDATA[frame switch from action]]>
            </line>
            <line>
              <![CDATA[approve is clicked ]]>
            </line>
            <line>
              <![CDATA[pop-up is clicked ]]>
            </line>
            <line>
              <![CDATA[frame switch from action defaultContent]]>
            </line>
            <line>
              <![CDATA[refresh is clicked ]]>
            </line>
            <line>
              <![CDATA[link is clicked ]]>
            </line>
            <line>
              <![CDATA[frame switch from action]]>
            </line>
            <line>
              <![CDATA[Assigned_Scientist is clicked ]]>
            </line>
            <line>
              <![CDATA[Assigned_Scientist_option is clicked ]]>
            </line>
            <line>
              <![CDATA[submit button is clicked ]]>
            </line>
            <line>
              <![CDATA[pop-up is clicked ]]>
            </line>
            <line>
              <![CDATA[frame switch from action defaultContent]]>
            </line>
            <line>
              <![CDATA[refresh is clicked ]]>
            </line>
            <line>
              <![CDATA[link is clicked ]]>
            </line>
            <line>
              <![CDATA[frame switch from action]]>
            </line>
            <line>
              <![CDATA[browse button is clicked ]]>
            </line>
            <line>
              <![CDATA[ upload is clicked ]]>
            </line>
            <line>
              <![CDATA[pop-up is clicked ]]>
            </line>
            <line>
              <![CDATA[pop-up is clicked ]]>
            </line>
            <line>
              <![CDATA[submit button is clicked ]]>
            </line>
            <line>
              <![CDATA[pop-up is clicked ]]>
            </line>
            <line>
              <![CDATA[frame switch from action defaultContent]]>
            </line>
            <line>
              <![CDATA[refresh is clicked ]]>
            </line>
            <line>
              <![CDATA[link is clicked ]]>
            </line>
            <line>
              <![CDATA[frame switch from action]]>
            </line>
            <line>
              <![CDATA[accept_btn is clicked ]]>
            </line>
            <line>
              <![CDATA[averag is clicked ]]>
            </line>
            <line>
              <![CDATA[submit button is clicked ]]>
            </line>
            <line>
              <![CDATA[pop-up is clicked ]]>
            </line>
            <line>
              <![CDATA[frame switch from action defaultContent]]>
            </line>
            <line>
              <![CDATA[refresh is clicked ]]>
            </line>
            <line>
              <![CDATA[link is clicked ]]>
            </line>
            <line>
              <![CDATA[frame switch from action]]>
            </line>
            <line>
              <![CDATA[close rfs is clicked ]]>
            </line>
          </reporter-output>
        </test-method> <!-- main -->
        <test-method status="PASS" signature="afterMethod()[pri:0, instance:testCases.Framework_002@5f341870]" name="afterMethod" is-config="true" duration-ms="1" started-at="2017-01-10T11:25:19Z" finished-at="2017-01-10T11:25:19Z">
          <reporter-output>
          </reporter-output>
        </test-method> <!-- afterMethod -->
      </class> <!-- testCases.Framework_002 -->
    </test> <!-- Default test -->
  </suite> <!-- Default suite -->
</testng-results>
